Post Processor Report
OrCAD FILE: C:\DOCUMENTS AND SETTINGS\UTENTE\DESKTOP\LCSS\LCSS.MAX
Thu Jul 23 11:15:56 2020

*********************************************************

Output file: C:\DOCUMENTS AND SETTINGS\UTENTE\DESKTOP\LCSS\LCSS.TOP

Aperture totals for C:\DOCUMENTS AND SETTINGS\UTENTE\DESKTOP\LCSS\LCSS.TOP:
---------------------------------------------------------
D10:  0.1260 ROUND  --       0 Draws,       3 Flashes
D11:  0.0590 SQUARE --       0 Draws,      28 Flashes
D12:  0.0551 ROUND  --       0 Draws,      54 Flashes
D13:  0.0551 SQUARE --       0 Draws,       5 Flashes
D14:  0.0550 ROUND  --       0 Draws,      40 Flashes
D15:  0.0550 SQUARE --       0 Draws,      18 Flashes
D16:  0.0787 x 0.0472 RECTANGLE -----      10 Flashes
D17:  0.0787 SQUARE --       0 Draws,       8 Flashes
D18:  0.0472 x 0.0787 RECTANGLE -----       6 Flashes
D19:  0.0630 ROUND  --       0 Draws,       4 Flashes
D20:  0.1299 ROUND  --       0 Draws,       2 Flashes
D21:  0.1024 x 0.0590 RECTANGLE -----       3 Flashes
D22:  0.0905 x 0.1000 RECTANGLE -----       1 Flashes
D23:  0.0787 x 0.0236 RECTANGLE -----       3 Flashes
D24:  0.0700 x 0.0180 OBLONG    -----      20 Flashes
D25:  0.0700 x 0.0180 RECTANGLE -----       2 Flashes
D26:  0.0180 x 0.0700 OBLONG    -----      19 Flashes
D27:  0.0180 x 0.0700 RECTANGLE -----       3 Flashes
D28:  0.2200 x 0.2441 RECTANGLE -----       1 Flashes
D29:  0.0560 x 0.0866 RECTANGLE -----       2 Flashes
D30:  0.0236 x 0.0787 RECTANGLE -----       5 Flashes
D31:  0.0160 x 0.1024 OBLONG    -----      25 Flashes
D32:  0.0160 x 0.1024 RECTANGLE -----       3 Flashes
D33:  0.0984 x 0.0240 OBLONG    -----      26 Flashes
D34:  0.0984 x 0.0240 RECTANGLE -----       2 Flashes
D35:  0.1968 x 0.0394 RECTANGLE -----       2 Flashes
D36:  0.0500 ROUND  --       0 Draws,       4 Flashes
D37:  0.0080 ROUND  --    5076 Draws,       0 Flashes
D38:  0.0100 ROUND  --      95 Draws,       0 Flashes
D39:  0.0120 ROUND  --     965 Draws,       0 Flashes
D40:  0.0500 ROUND  --       0 Draws,      99 Flashes
D41:  0.0140 ROUND  --       0 Draws,     109 Flashes
D42:  0.0140 ROUND  --       0 Draws,     130 Flashes
---------------------------------------------------------
 33 D-Codes      -----    6136 Draws,     637 Flashes

*********************************************************

Output file: C:\DOCUMENTS AND SETTINGS\UTENTE\DESKTOP\LCSS\LCSS.BOT

Aperture totals for C:\DOCUMENTS AND SETTINGS\UTENTE\DESKTOP\LCSS\LCSS.BOT:
---------------------------------------------------------
D37:  0.0080 ROUND  --    6342 Draws,       0 Flashes
D38:  0.0100 ROUND  --    1266 Draws,       0 Flashes
D39:  0.0120 ROUND  --     752 Draws,       0 Flashes
D40:  0.0500 ROUND  --       0 Draws,      98 Flashes
D41:  0.0140 ROUND  --       0 Draws,     109 Flashes
D43:  0.1260 ROUND  --       0 Draws,       3 Flashes
D44:  0.0590 SQUARE --       0 Draws,      90 Flashes
D45:  0.0984 x 0.0590 RECTANGLE -----       2 Flashes
D46:  0.0590 x 0.0984 RECTANGLE -----       2 Flashes
D47:  0.0551 ROUND  --       0 Draws,      54 Flashes
D48:  0.0551 SQUARE --       0 Draws,       5 Flashes
D49:  0.0550 ROUND  --       0 Draws,      40 Flashes
D50:  0.0550 SQUARE --       0 Draws,      18 Flashes
D51:  0.0630 SQUARE --       0 Draws,       2 Flashes
D52:  0.0787 x 0.0472 RECTANGLE -----       3 Flashes
D53:  0.0472 x 0.0787 RECTANGLE -----       3 Flashes
D54:  0.1024 x 0.0590 RECTANGLE -----       3 Flashes
D55:  0.0630 ROUND  --       0 Draws,       4 Flashes
D56:  0.1299 ROUND  --       0 Draws,       2 Flashes
D57:  0.0500 ROUND  --       0 Draws,       4 Flashes
D58:  0.0500 ROUND  --       0 Draws,       1 Flashes
D59:  0.0140 ROUND  --       0 Draws,     130 Flashes
---------------------------------------------------------
 22 D-Codes      -----    8360 Draws,     573 Flashes

*********************************************************

Output file: C:\DOCUMENTS AND SETTINGS\UTENTE\DESKTOP\LCSS\LCSS.SMT

Aperture totals for C:\DOCUMENTS AND SETTINGS\UTENTE\DESKTOP\LCSS\LCSS.SMT:
---------------------------------------------------------
D49:  0.0550 ROUND  --       0 Draws,       4 Flashes
D51:  0.0630 SQUARE --       0 Draws,      23 Flashes
D55:  0.0630 ROUND  --       0 Draws,      94 Flashes
D60:  0.1338 ROUND  --       0 Draws,       3 Flashes
D61:  0.0669 SQUARE --       0 Draws,      28 Flashes
D62:  0.0866 x 0.0551 RECTANGLE -----      10 Flashes
D63:  0.0866 SQUARE --       0 Draws,       8 Flashes
D64:  0.0551 x 0.0866 RECTANGLE -----       6 Flashes
D65:  0.0709 ROUND  --       0 Draws,       4 Flashes
D66:  0.1378 ROUND  --       0 Draws,       2 Flashes
D67:  0.1102 x 0.0669 RECTANGLE -----       3 Flashes
D68:  0.0984 x 0.1079 RECTANGLE -----       1 Flashes
D69:  0.0866 x 0.0315 RECTANGLE -----       3 Flashes
D70:  0.0779 x 0.0260 OBLONG    -----      20 Flashes
D71:  0.0779 x 0.0260 RECTANGLE -----       2 Flashes
D72:  0.0260 x 0.0779 OBLONG    -----      19 Flashes
D73:  0.0260 x 0.0779 RECTANGLE -----       3 Flashes
D74:  0.2283 x 0.2520 RECTANGLE -----       1 Flashes
D75:  0.0639 x 0.0945 RECTANGLE -----       2 Flashes
D76:  0.0315 x 0.0866 RECTANGLE -----       5 Flashes
D77:  0.0161 x 0.1102 OBLONG    -----      25 Flashes
D78:  0.0161 x 0.1102 RECTANGLE -----       3 Flashes
D79:  0.1063 x 0.0319 OBLONG    -----      26 Flashes
D80:  0.1063 x 0.0319 RECTANGLE -----       2 Flashes
D81:  0.2047 x 0.0472 RECTANGLE -----       2 Flashes
D82:  0.0550 ROUND  --       0 Draws,      90 Flashes
D83:  0.0550 ROUND  --       0 Draws,       9 Flashes
---------------------------------------------------------
 27 D-Codes      -----       0 Draws,     398 Flashes

*********************************************************

Output file: C:\DOCUMENTS AND SETTINGS\UTENTE\DESKTOP\LCSS\LCSS.SMB

Aperture totals for C:\DOCUMENTS AND SETTINGS\UTENTE\DESKTOP\LCSS\LCSS.SMB:
---------------------------------------------------------
D49:  0.0550 ROUND  --       0 Draws,       4 Flashes
D51:  0.0630 SQUARE --       0 Draws,      23 Flashes
D55:  0.0630 ROUND  --       0 Draws,      94 Flashes
D60:  0.1338 ROUND  --       0 Draws,       3 Flashes
D61:  0.0669 SQUARE --       0 Draws,      90 Flashes
D62:  0.0866 x 0.0551 RECTANGLE -----       3 Flashes
D64:  0.0551 x 0.0866 RECTANGLE -----       3 Flashes
D65:  0.0709 ROUND  --       0 Draws,       4 Flashes
D66:  0.1378 ROUND  --       0 Draws,       2 Flashes
D67:  0.1102 x 0.0669 RECTANGLE -----       3 Flashes
D82:  0.0550 ROUND  --       0 Draws,      90 Flashes
D83:  0.0550 ROUND  --       0 Draws,       9 Flashes
D84:  0.1063 x 0.0669 RECTANGLE -----       2 Flashes
D85:  0.0669 x 0.1063 RECTANGLE -----       2 Flashes
D86:  0.0709 SQUARE --       0 Draws,       2 Flashes
---------------------------------------------------------
 15 D-Codes      -----       0 Draws,     334 Flashes

*********************************************************

Output file: C:\DOCUMENTS AND SETTINGS\UTENTE\DESKTOP\LCSS\LCSS.SPT

Aperture totals for C:\DOCUMENTS AND SETTINGS\UTENTE\DESKTOP\LCSS\LCSS.SPT:
---------------------------------------------------------
D44:  0.0590 SQUARE --       0 Draws,      28 Flashes
D47:  0.0551 ROUND  --       0 Draws,      94 Flashes
D48:  0.0551 SQUARE --       0 Draws,      23 Flashes
D52:  0.0787 x 0.0472 RECTANGLE -----      10 Flashes
D53:  0.0472 x 0.0787 RECTANGLE -----       6 Flashes
D54:  0.1024 x 0.0590 RECTANGLE -----       3 Flashes
D55:  0.0630 ROUND  --       0 Draws,       4 Flashes
D56:  0.1299 ROUND  --       0 Draws,       2 Flashes
D87:  0.0787 SQUARE --       0 Draws,       8 Flashes
D88:  0.0905 x 0.1000 RECTANGLE -----       1 Flashes
D89:  0.0787 x 0.0236 RECTANGLE -----       3 Flashes
D90:  0.0700 x 0.0180 OBLONG    -----      20 Flashes
D91:  0.0700 x 0.0180 RECTANGLE -----       2 Flashes
D92:  0.0180 x 0.0700 OBLONG    -----      19 Flashes
D93:  0.0180 x 0.0700 RECTANGLE -----       3 Flashes
D94:  0.2200 x 0.2441 RECTANGLE -----       1 Flashes
D95:  0.0560 x 0.0866 RECTANGLE -----       2 Flashes
D96:  0.0236 x 0.0787 RECTANGLE -----       5 Flashes
D97:  0.0161 x 0.1024 OBLONG    -----      25 Flashes
D98:  0.0161 x 0.1024 RECTANGLE -----       3 Flashes
D99:  0.0984 x 0.0240 OBLONG    -----      26 Flashes
D100: 0.0984 x 0.0240 RECTANGLE -----       2 Flashes
D101: 0.1968 x 0.0394 RECTANGLE -----       2 Flashes
---------------------------------------------------------
 23 D-Codes      -----       0 Draws,     292 Flashes

*********************************************************

Output file: C:\DOCUMENTS AND SETTINGS\UTENTE\DESKTOP\LCSS\LCSS.SPB

Aperture totals for C:\DOCUMENTS AND SETTINGS\UTENTE\DESKTOP\LCSS\LCSS.SPB:
---------------------------------------------------------
D44:  0.0590 SQUARE --       0 Draws,      90 Flashes
D45:  0.0984 x 0.0590 RECTANGLE -----       2 Flashes
D46:  0.0590 x 0.0984 RECTANGLE -----       2 Flashes
D47:  0.0551 ROUND  --       0 Draws,      94 Flashes
D48:  0.0551 SQUARE --       0 Draws,      23 Flashes
D51:  0.0630 SQUARE --       0 Draws,       2 Flashes
D52:  0.0787 x 0.0472 RECTANGLE -----       3 Flashes
D53:  0.0472 x 0.0787 RECTANGLE -----       3 Flashes
D54:  0.1024 x 0.0590 RECTANGLE -----       3 Flashes
D55:  0.0630 ROUND  --       0 Draws,       4 Flashes
D56:  0.1299 ROUND  --       0 Draws,       2 Flashes
---------------------------------------------------------
 11 D-Codes      -----       0 Draws,     228 Flashes

*********************************************************

Output file: C:\DOCUMENTS AND SETTINGS\UTENTE\DESKTOP\LCSS\LCSS.SST

Aperture totals for C:\DOCUMENTS AND SETTINGS\UTENTE\DESKTOP\LCSS\LCSS.SST:
---------------------------------------------------------
D37:  0.0080 ROUND  --     451 Draws,       0 Flashes
D38:  0.0100 ROUND  --     863 Draws,       0 Flashes
D41:  0.0140 ROUND  --       0 Draws,     109 Flashes
D102: 0.0060 ROUND  --     330 Draws,       0 Flashes
D103: 0.0083 ROUND  --     289 Draws,       0 Flashes
D104: 0.0140 ROUND  --       0 Draws,     130 Flashes
---------------------------------------------------------
  6 D-Codes      -----    1933 Draws,     239 Flashes

*********************************************************

Output file: C:\DOCUMENTS AND SETTINGS\UTENTE\DESKTOP\LCSS\LCSS.SSB

Aperture totals for C:\DOCUMENTS AND SETTINGS\UTENTE\DESKTOP\LCSS\LCSS.SSB:
---------------------------------------------------------
D37:  0.0080 ROUND  --     163 Draws,       0 Flashes
D38:  0.0100 ROUND  --     286 Draws,       0 Flashes
D41:  0.0140 ROUND  --       0 Draws,     109 Flashes
D102: 0.0060 ROUND  --     966 Draws,       0 Flashes
D103: 0.0083 ROUND  --      87 Draws,       0 Flashes
D105: 0.0079 ROUND  --       1 Draws,       0 Flashes
D106: 0.0140 ROUND  --       0 Draws,     130 Flashes
---------------------------------------------------------
  7 D-Codes      -----    1503 Draws,     239 Flashes

*********************************************************

Output file: C:\DOCUMENTS AND SETTINGS\UTENTE\DESKTOP\LCSS\LCSS.AST

Aperture totals for C:\DOCUMENTS AND SETTINGS\UTENTE\DESKTOP\LCSS\LCSS.AST:
---------------------------------------------------------
D37:  0.0080 ROUND  --     468 Draws,       0 Flashes
D38:  0.0100 ROUND  --      87 Draws,       0 Flashes
D44:  0.0590 SQUARE --       0 Draws,      28 Flashes
D47:  0.0551 ROUND  --       0 Draws,      61 Flashes
D48:  0.0551 SQUARE --       0 Draws,       5 Flashes
D49:  0.0550 ROUND  --       0 Draws,      33 Flashes
D50:  0.0550 SQUARE --       0 Draws,      18 Flashes
D52:  0.0787 x 0.0472 RECTANGLE -----      10 Flashes
D53:  0.0472 x 0.0787 RECTANGLE -----       6 Flashes
D54:  0.1024 x 0.0590 RECTANGLE -----       3 Flashes
D55:  0.0630 ROUND  --       0 Draws,       4 Flashes
D56:  0.1299 ROUND  --       0 Draws,       2 Flashes
D87:  0.0787 SQUARE --       0 Draws,       8 Flashes
D88:  0.0905 x 0.1000 RECTANGLE -----       1 Flashes
D89:  0.0787 x 0.0236 RECTANGLE -----       2 Flashes
D90:  0.0700 x 0.0180 OBLONG    -----      20 Flashes
D91:  0.0700 x 0.0180 RECTANGLE -----       2 Flashes
D92:  0.0180 x 0.0700 OBLONG    -----      19 Flashes
D93:  0.0180 x 0.0700 RECTANGLE -----       3 Flashes
D94:  0.2200 x 0.2441 RECTANGLE -----       1 Flashes
D95:  0.0560 x 0.0866 RECTANGLE -----       2 Flashes
D96:  0.0236 x 0.0787 RECTANGLE -----       5 Flashes
D97:  0.0161 x 0.1024 OBLONG    -----      25 Flashes
D98:  0.0161 x 0.1024 RECTANGLE -----       3 Flashes
D99:  0.0984 x 0.0240 OBLONG    -----      26 Flashes
D100: 0.0984 x 0.0240 RECTANGLE -----       2 Flashes
D101: 0.1968 x 0.0394 RECTANGLE -----       2 Flashes
D102: 0.0060 ROUND  --     498 Draws,       0 Flashes
D103: 0.0083 ROUND  --      88 Draws,       0 Flashes
D105: 0.0079 ROUND  --       4 Draws,       0 Flashes
D107: 0.0236 ROUND  --       8 Draws,       0 Flashes
---------------------------------------------------------
 31 D-Codes      -----    1153 Draws,     291 Flashes

*********************************************************

Output file: C:\DOCUMENTS AND SETTINGS\UTENTE\DESKTOP\LCSS\LCSS.ASB

Aperture totals for C:\DOCUMENTS AND SETTINGS\UTENTE\DESKTOP\LCSS\LCSS.ASB:
---------------------------------------------------------
D38:  0.0100 ROUND  --       6 Draws,       0 Flashes
D44:  0.0590 SQUARE --       0 Draws,      90 Flashes
D45:  0.0984 x 0.0590 RECTANGLE -----       2 Flashes
D46:  0.0590 x 0.0984 RECTANGLE -----       2 Flashes
D47:  0.0551 ROUND  --       0 Draws,      61 Flashes
D48:  0.0551 SQUARE --       0 Draws,       5 Flashes
D49:  0.0550 ROUND  --       0 Draws,      33 Flashes
D50:  0.0550 SQUARE --       0 Draws,      18 Flashes
D51:  0.0630 SQUARE --       0 Draws,       2 Flashes
D52:  0.0787 x 0.0472 RECTANGLE -----       3 Flashes
D53:  0.0472 x 0.0787 RECTANGLE -----       3 Flashes
D54:  0.1024 x 0.0590 RECTANGLE -----       3 Flashes
D55:  0.0630 ROUND  --       0 Draws,       4 Flashes
D56:  0.1299 ROUND  --       0 Draws,       2 Flashes
D102: 0.0060 ROUND  --     981 Draws,       0 Flashes
D103: 0.0083 ROUND  --      72 Draws,       0 Flashes
D105: 0.0079 ROUND  --       1 Draws,       0 Flashes
D107: 0.0236 ROUND  --       8 Draws,       0 Flashes
---------------------------------------------------------
 18 D-Codes      -----    1068 Draws,     228 Flashes

*********************************************************

Output file: C:\DOCUMENTS AND SETTINGS\UTENTE\DESKTOP\LCSS\LCSS.DRD

Aperture totals for C:\DOCUMENTS AND SETTINGS\UTENTE\DESKTOP\LCSS\LCSS.DRD:
---------------------------------------------------------
D38:  0.0100 ROUND  --    1493 Draws,       0 Flashes
D107: 0.0236 ROUND  --       8 Draws,       0 Flashes
---------------------------------------------------------
  2 D-Codes      -----    1501 Draws,       0 Flashes


*********************************************************

Aperture totals for entire project:
---------------------------------------------------------
D10:  0.1260 ROUND  --       0 Draws,       3 Flashes
D11:  0.0590 SQUARE --       0 Draws,      28 Flashes
D12:  0.0551 ROUND  --       0 Draws,      54 Flashes
D13:  0.0551 SQUARE --       0 Draws,       5 Flashes
D14:  0.0550 ROUND  --       0 Draws,      40 Flashes
D15:  0.0550 SQUARE --       0 Draws,      18 Flashes
D16:  0.0787 x 0.0472 RECTANGLE -----      10 Flashes
D17:  0.0787 SQUARE --       0 Draws,       8 Flashes
D18:  0.0472 x 0.0787 RECTANGLE -----       6 Flashes
D19:  0.0630 ROUND  --       0 Draws,       4 Flashes
D20:  0.1299 ROUND  --       0 Draws,       2 Flashes
D21:  0.1024 x 0.0590 RECTANGLE -----       3 Flashes
D22:  0.0905 x 0.1000 RECTANGLE -----       1 Flashes
D23:  0.0787 x 0.0236 RECTANGLE -----       3 Flashes
D24:  0.0700 x 0.0180 OBLONG    -----      20 Flashes
D25:  0.0700 x 0.0180 RECTANGLE -----       2 Flashes
D26:  0.0180 x 0.0700 OBLONG    -----      19 Flashes
D27:  0.0180 x 0.0700 RECTANGLE -----       3 Flashes
D28:  0.2200 x 0.2441 RECTANGLE -----       1 Flashes
D29:  0.0560 x 0.0866 RECTANGLE -----       2 Flashes
D30:  0.0236 x 0.0787 RECTANGLE -----       5 Flashes
D31:  0.0160 x 0.1024 OBLONG    -----      25 Flashes
D32:  0.0160 x 0.1024 RECTANGLE -----       3 Flashes
D33:  0.0984 x 0.0240 OBLONG    -----      26 Flashes
D34:  0.0984 x 0.0240 RECTANGLE -----       2 Flashes
D35:  0.1968 x 0.0394 RECTANGLE -----       2 Flashes
D36:  0.0500 ROUND  --       0 Draws,       4 Flashes
D37:  0.0080 ROUND  --   12500 Draws,       0 Flashes
D38:  0.0100 ROUND  --    4096 Draws,       0 Flashes
D39:  0.0120 ROUND  --    1717 Draws,       0 Flashes
D40:  0.0500 ROUND  --       0 Draws,     197 Flashes
D41:  0.0140 ROUND  --       0 Draws,     436 Flashes
D42:  0.0140 ROUND  --       0 Draws,     130 Flashes
D43:  0.1260 ROUND  --       0 Draws,       3 Flashes
D44:  0.0590 SQUARE --       0 Draws,     326 Flashes
D45:  0.0984 x 0.0590 RECTANGLE -----       6 Flashes
D46:  0.0590 x 0.0984 RECTANGLE -----       6 Flashes
D47:  0.0551 ROUND  --       0 Draws,     364 Flashes
D48:  0.0551 SQUARE --       0 Draws,      61 Flashes
D49:  0.0550 ROUND  --       0 Draws,     114 Flashes
D50:  0.0550 SQUARE --       0 Draws,      54 Flashes
D51:  0.0630 SQUARE --       0 Draws,      52 Flashes
D52:  0.0787 x 0.0472 RECTANGLE -----      29 Flashes
D53:  0.0472 x 0.0787 RECTANGLE -----      21 Flashes
D54:  0.1024 x 0.0590 RECTANGLE -----      15 Flashes
D55:  0.0630 ROUND  --       0 Draws,     208 Flashes
D56:  0.1299 ROUND  --       0 Draws,      10 Flashes
D57:  0.0500 ROUND  --       0 Draws,       4 Flashes
D58:  0.0500 ROUND  --       0 Draws,       1 Flashes
D59:  0.0140 ROUND  --       0 Draws,     130 Flashes
D60:  0.1338 ROUND  --       0 Draws,       6 Flashes
D61:  0.0669 SQUARE --       0 Draws,     118 Flashes
D62:  0.0866 x 0.0551 RECTANGLE -----      13 Flashes
D63:  0.0866 SQUARE --       0 Draws,       8 Flashes
D64:  0.0551 x 0.0866 RECTANGLE -----       9 Flashes
D65:  0.0709 ROUND  --       0 Draws,       8 Flashes
D66:  0.1378 ROUND  --       0 Draws,       4 Flashes
D67:  0.1102 x 0.0669 RECTANGLE -----       6 Flashes
D68:  0.0984 x 0.1079 RECTANGLE -----       1 Flashes
D69:  0.0866 x 0.0315 RECTANGLE -----       3 Flashes
D70:  0.0779 x 0.0260 OBLONG    -----      20 Flashes
D71:  0.0779 x 0.0260 RECTANGLE -----       2 Flashes
D72:  0.0260 x 0.0779 OBLONG    -----      19 Flashes
D73:  0.0260 x 0.0779 RECTANGLE -----       3 Flashes
D74:  0.2283 x 0.2520 RECTANGLE -----       1 Flashes
D75:  0.0639 x 0.0945 RECTANGLE -----       2 Flashes
D76:  0.0315 x 0.0866 RECTANGLE -----       5 Flashes
D77:  0.0161 x 0.1102 OBLONG    -----      25 Flashes
D78:  0.0161 x 0.1102 RECTANGLE -----       3 Flashes
D79:  0.1063 x 0.0319 OBLONG    -----      26 Flashes
D80:  0.1063 x 0.0319 RECTANGLE -----       2 Flashes
D81:  0.2047 x 0.0472 RECTANGLE -----       2 Flashes
D82:  0.0550 ROUND  --       0 Draws,     180 Flashes
D83:  0.0550 ROUND  --       0 Draws,      18 Flashes
D84:  0.1063 x 0.0669 RECTANGLE -----       2 Flashes
D85:  0.0669 x 0.1063 RECTANGLE -----       2 Flashes
D86:  0.0709 SQUARE --       0 Draws,       2 Flashes
D87:  0.0787 SQUARE --       0 Draws,      16 Flashes
D88:  0.0905 x 0.1000 RECTANGLE -----       2 Flashes
D89:  0.0787 x 0.0236 RECTANGLE -----       5 Flashes
D90:  0.0700 x 0.0180 OBLONG    -----      40 Flashes
D91:  0.0700 x 0.0180 RECTANGLE -----       4 Flashes
D92:  0.0180 x 0.0700 OBLONG    -----      38 Flashes
D93:  0.0180 x 0.0700 RECTANGLE -----       6 Flashes
D94:  0.2200 x 0.2441 RECTANGLE -----       2 Flashes
D95:  0.0560 x 0.0866 RECTANGLE -----       4 Flashes
D96:  0.0236 x 0.0787 RECTANGLE -----      10 Flashes
D97:  0.0161 x 0.1024 OBLONG    -----      50 Flashes
D98:  0.0161 x 0.1024 RECTANGLE -----       6 Flashes
D99:  0.0984 x 0.0240 OBLONG    -----      52 Flashes
D100: 0.0984 x 0.0240 RECTANGLE -----       4 Flashes
D101: 0.1968 x 0.0394 RECTANGLE -----       4 Flashes
D102: 0.0060 ROUND  --    2775 Draws,       0 Flashes
D103: 0.0083 ROUND  --     536 Draws,       0 Flashes
D104: 0.0140 ROUND  --       0 Draws,     130 Flashes
D105: 0.0079 ROUND  --       6 Draws,       0 Flashes
D106: 0.0140 ROUND  --       0 Draws,     130 Flashes
D107: 0.0236 ROUND  --      24 Draws,       0 Flashes
---------------------------------------------------------
 98 D-Codes      -----   21654 Draws,    3459 Flashes


No warnings or errors.
